[debug] [2025-09-17T09:15:17.563Z] ----------------------------------------------------------------------
[debug] [2025-09-17T09:15:17.571Z] Command:       /opt/homebrew/Cellar/node/24.4.1/bin/node /opt/homebrew/bin/firebase init
[debug] [2025-09-17T09:15:17.571Z] CLI Version:   14.16.0
[debug] [2025-09-17T09:15:17.571Z] Platform:      darwin
[debug] [2025-09-17T09:15:17.571Z] Node Version:  v24.4.1
[debug] [2025-09-17T09:15:17.571Z] Time:          Wed Sep 17 2025 14:45:17 GMT+0530 (India Standard Time)
[debug] [2025-09-17T09:15:17.571Z] ----------------------------------------------------------------------
[debug] 
[debug] [2025-09-17T09:15:17.667Z] > command requires scopes: ["email","openid","https://www.googleapis.com/auth/cloudplatformprojects.readonly","https://www.googleapis.com/auth/firebase","https://www.googleapis.com/auth/cloud-platform"]
[debug] [2025-09-17T09:15:17.667Z] > authorizing via signed-in user (ankitverma105114@gmail.com)
[info] 
     ######## #### ########  ######## ########     ###     ######  ########
     ##        ##  ##     ## ##       ##     ##  ##   ##  ##       ##
     ######    ##  ########  ######   ########  #########  ######  ######
     ##        ##  ##    ##  ##       ##     ## ##     ##       ## ##
     ##       #### ##     ## ######## ########  ##     ##  ######  ########

You're about to initialize a Firebase project in this directory:

  /Users/ankitverma/Documents/Paddy Sir MongoDB/projects

Before we get started, keep in mind:

  * You are initializing within an existing Firebase project directory

[debug] [2025-09-17T09:16:12.233Z] ExitPromptError: User force closed the prompt with SIGINT
    at Interface.sigint (/opt/homebrew/lib/node_modules/firebase-tools/node_modules/@inquirer/core/dist/commonjs/lib/create-prompt.js:101:37)
    at Interface.emit (node:events:507:28)
    at Interface.emit (node:domain:489:12)
    at [_ttyWrite] [as _ttyWrite] (node:internal/readline/interface:1315:18)
    at ReadStream.onkeypress (node:internal/readline/interface:284:20)
    at ReadStream.emit (node:events:519:35)
    at ReadStream.emit (node:domain:489:12)
    at emitKeys (node:internal/readline/utils:371:14)
    at emitKeys.next (<anonymous>)
    at ReadStream.onData (node:internal/readline/emitKeypressEvents:64:36)
[error] 
[error] Error: An unexpected error has occurred.
